<?xml version="1.0" encoding="UTF-8"?>
<testsuite xmlns:xsi="http://www.w3.org/2001/XMLSchema-instance" xsi:noNamespaceSchemaLocation="https://maven.apache.org/surefire/maven-surefire-plugin/xsd/surefire-test-report.xsd" version="3.0.2" name="com.nie.csd.EcomAppApplicationTests" time="5.159" tests="1" errors="0" skipped="0" failures="0">
  <properties>
[...]
</properties>
  <testcase name="contextLoads" classname="com.nie.csd.EcomAppApplicationTests" time="1.025">
    <system-out><![CDATA[10:05:31.964 [main] INFO org.springframework.test.context.support.AnnotationConfigContextLoaderUtils -- Could not detect default configuration classes for test class [com.nie.csd.EcomAppApplicationTests]: EcomAppApplicationTests does not declare any static, non-private, non-final, nested classes annotated with @Configuration.
10:05:32.178 [main] INFO org.springframework.boot.test.context.SpringBootTestContextBootstrapper -- Found @SpringBootConfiguration com.nie.csd.EcomAppApplication for test class com.nie.csd.EcomAppApplicationTests

  .   ____          _            __ _ _
 /\\ / ___'_ __ _ _(_)_ __  __ _ \ \ \ \
( ( )\___ | '_ | '_| | '_ \/ _` | \ \ \ \
 \\/  ___)| |_)| | | | | || (_| |  ) ) ) )
  '  |____| .__|_| |_|_| |_\__, | / / / /
 =========|_|==============|___/=/_/_/_/

 :: Spring Boot ::                (v3.5.5)

2025-09-17T10:05:32.866+05:30  INFO 12764 --- [Ecom_App] [           main] com.nie.csd.EcomAppApplicationTests      : Starting EcomAppApplicationTests using Java 23.0.2 with PID 12764 (started by Varun in C:\Users\Varun\Desktop\Ecom_App_Outer\ecom_app)
2025-09-17T10:05:32.866+05:30  INFO 12764 --- [Ecom_App] [           main] com.nie.csd.EcomAppApplicationTests      : No active profile set, falling back to 1 default profile: "default"
2025-09-17T10:05:33.799+05:30  INFO 12764 --- [Ecom_App] [           main] .s.d.r.c.RepositoryConfigurationDelegate : Bootstrapping Spring Data MongoDB repositories in DEFAULT mode.
2025-09-17T10:05:33.871+05:30  INFO 12764 --- [Ecom_App] [           main] .s.d.r.c.RepositoryConfigurationDelegate : Finished Spring Data repository scanning in 63 ms. Found 1 MongoDB repository interface.
2025-09-17T10:05:34.566+05:30  INFO 12764 --- [Ecom_App] [           main] org.mongodb.driver.client                : MongoClient with metadata {"driver": {"name": "mongo-java-driver|sync|spring-boot", "version": "5.5.1"}, "os": {"type": "Windows", "name": "Windows 11", "architecture": "amd64", "version": "10.0"}, "platform": "Java/Oracle Corporation/23.0.2+7-58"} created with settings MongoClientSettings{readPreference=primary, writeConcern=WriteConcern{w=majority, wTimeout=null ms, journal=null}, retryWrites=true, retryReads=true, readConcern=ReadConcern{level=null}, credential=MongoCredential{mechanism=null, userName='myuser', source='admin', password=<hidden>, mechanismProperties=<hidden>}, transportSettings=null, commandListeners=[], codecRegistry=ProvidersCodecRegistry{codecProviders=[ValueCodecProvider{}, BsonValueCodecProvider{}, DBRefCodecProvider{}, DBObjectCodecProvider{}, DocumentCodecProvider{}, CollectionCodecProvider{}, IterableCodecProvider{}, MapCodecProvider{}, GeoJsonCodecProvider{}, GridFSFileCodecProvider{}, Jsr310CodecProvider{}, JsonObjectCodecProvider{}, BsonCodecProvider{}, EnumCodecProvider{}, com.mongodb.client.model.mql.ExpressionCodecProvider@1b01a0d, com.mongodb.Jep395RecordCodecProvider@2ed71727, com.mongodb.KotlinCodecProvider@5261ec9]}, loggerSettings=LoggerSettings{maxDocumentLength=1000}, clusterSettings={hosts=[127.0.0.1:27017], srvHost=cluster0.tcgui5u.mongodb.net, srvServiceName=mongodb, mode=MULTIPLE, requiredClusterType=REPLICA_SET, requiredReplicaSetName='atlas-pfj4p5-shard-0', serverSelector='null', clusterListeners='[]', serverSelectionTimeout='30000 ms', localThreshold='15 ms'}, socketSettings=SocketSettings{connectTimeoutMS=10000, readTimeoutMS=0, receiveBufferSize=0, proxySettings=ProxySettings{host=null, port=null, username=null, password=null}}, heartbeatSocketSettings=SocketSettings{connectTimeoutMS=10000, readTimeoutMS=10000, receiveBufferSize=0, proxySettings=ProxySettings{host=null, port=null, username=null, password=null}}, connectionPoolSettings=ConnectionPoolSettings{maxSize=100, minSize=0, maxWaitTimeMS=120000, maxConnectionLifeTimeMS=0, maxConnectionIdleTimeMS=0, maintenanceInitialDelayMS=0, maintenanceFrequencyMS=60000, connectionPoolListeners=[], maxConnecting=2}, serverSettings=ServerSettings{heartbeatFrequencyMS=10000, minHeartbeatFrequencyMS=500, serverMonitoringMode=AUTO, serverListeners='[]', serverMonitorListeners='[]'}, sslSettings=SslSettings{enabled=true, invalidHostNameAllowed=false, context=null}, applicationName='null', compressorList=[], uuidRepresentation=JAVA_LEGACY, serverApi=null, autoEncryptionSettings=null, dnsClient=null, inetAddressResolver=null, contextProvider=null, timeoutMS=null}
2025-09-17T10:05:34.952+05:30  INFO 12764 --- [Ecom_App] [i5u.mongodb.net] org.mongodb.driver.cluster               : Adding discovered server ac-eennitu-shard-00-02.tcgui5u.mongodb.net:27017 to client view of cluster
2025-09-17T10:05:35.000+05:30  INFO 12764 --- [Ecom_App] [i5u.mongodb.net] org.mongodb.driver.cluster               : Adding discovered server ac-eennitu-shard-00-00.tcgui5u.mongodb.net:27017 to client view of cluster
2025-09-17T10:05:35.000+05:30  INFO 12764 --- [Ecom_App] [i5u.mongodb.net] org.mongodb.driver.cluster               : Adding discovered server ac-eennitu-shard-00-01.tcgui5u.mongodb.net:27017 to client view of cluster
2025-09-17T10:05:35.859+05:30  INFO 12764 --- [Ecom_App] [           main] com.nie.csd.EcomAppApplicationTests      : Started EcomAppApplicationTests in 3.395 seconds (process running for 4.838)
2025-09-17T10:05:36.130+05:30  INFO 12764 --- [Ecom_App] [ngodb.net:27017] org.mongodb.driver.cluster               : Monitor thread successfully connected to server with description ServerDescription{address=ac-eennitu-shard-00-00.tcgui5u.mongodb.net:27017, type=REPLICA_SET_SECONDARY, cryptd=false, state=CONNECTED, ok=true, minWireVersion=0, maxWireVersion=25, maxDocumentSize=16777216, logicalSessionTimeoutMinutes=30, roundTripTimeNanos=642381500, minRoundTripTimeNanos=0, setName='atlas-pfj4p5-shard-0', canonicalAddress=ac-eennitu-shard-00-00.tcgui5u.mongodb.net:27017, hosts=[ac-eennitu-shard-00-00.tcgui5u.mongodb.net:27017, ac-eennitu-shard-00-01.tcgui5u.mongodb.net:27017, ac-eennitu-shard-00-02.tcgui5u.mongodb.net:27017], passives=[], arbiters=[], primary='ac-eennitu-shard-00-02.tcgui5u.mongodb.net:27017', tagSet=TagSet{[Tag{name='availabilityZone', value='aps1-az1'}, Tag{name='diskState', value='READY'}, Tag{name='nodeType', value='ELECTABLE'}, Tag{name='provider', value='AWS'}, Tag{name='region', value='AP_SOUTH_1'}, Tag{name='workloadType', value='OPERATIONAL'}]}, electionId=null, setVersion=4, topologyVersion=TopologyVersion{processId=68c43848edb0956fe7940b8b, counter=4}, lastWriteDate=Wed Sep 17 10:05:23 IST 2025, lastUpdateTimeNanos=1558432584200}
2025-09-17T10:05:36.146+05:30  INFO 12764 --- [Ecom_App] [ngodb.net:27017] org.mongodb.driver.cluster               : Monitor thread successfully connected to server with description ServerDescription{address=ac-eennitu-shard-00-01.tcgui5u.mongodb.net:27017, type=REPLICA_SET_SECONDARY, cryptd=false, state=CONNECTED, ok=true, minWireVersion=0, maxWireVersion=25, maxDocumentSize=16777216, logicalSessionTimeoutMinutes=30, roundTripTimeNanos=654799600, minRoundTripTimeNanos=0, setName='atlas-pfj4p5-shard-0', canonicalAddress=ac-eennitu-shard-00-01.tcgui5u.mongodb.net:27017, hosts=[ac-eennitu-shard-00-00.tcgui5u.mongodb.net:27017, ac-eennitu-shard-00-01.tcgui5u.mongodb.net:27017, ac-eennitu-shard-00-02.tcgui5u.mongodb.net:27017], passives=[], arbiters=[], primary='ac-eennitu-shard-00-02.tcgui5u.mongodb.net:27017', tagSet=TagSet{[Tag{name='availabilityZone', value='aps1-az3'}, Tag{name='diskState', value='READY'}, Tag{name='nodeType', value='ELECTABLE'}, Tag{name='provider', value='AWS'}, Tag{name='region', value='AP_SOUTH_1'}, Tag{name='workloadType', value='OPERATIONAL'}]}, electionId=null, setVersion=4, topologyVersion=TopologyVersion{processId=68c43e635d4fd1c4be63a935, counter=3}, lastWriteDate=Wed Sep 17 10:05:23 IST 2025, lastUpdateTimeNanos=1558445021400}
2025-09-17T10:05:36.164+05:30  INFO 12764 --- [Ecom_App] [ngodb.net:27017] org.mongodb.driver.cluster               : Monitor thread successfully connected to server with description ServerDescription{address=ac-eennitu-shard-00-02.tcgui5u.mongodb.net:27017, type=REPLICA_SET_PRIMARY, cryptd=false, state=CONNECTED, ok=true, minWireVersion=0, maxWireVersion=25, maxDocumentSize=16777216, logicalSessionTimeoutMinutes=30, roundTripTimeNanos=676569500, minRoundTripTimeNanos=0, setName='atlas-pfj4p5-shard-0', canonicalAddress=ac-eennitu-shard-00-02.tcgui5u.mongodb.net:27017, hosts=[ac-eennitu-shard-00-00.tcgui5u.mongodb.net:27017, ac-eennitu-shard-00-01.tcgui5u.mongodb.net:27017, ac-eennitu-shard-00-02.tcgui5u.mongodb.net:27017], passives=[], arbiters=[], primary='ac-eennitu-shard-00-02.tcgui5u.mongodb.net:27017', tagSet=TagSet{[Tag{name='availabilityZone', value='aps1-az2'}, Tag{name='diskState', value='READY'}, Tag{name='nodeType', value='ELECTABLE'}, Tag{name='provider', value='AWS'}, Tag{name='region', value='AP_SOUTH_1'}, Tag{name='workloadType', value='OPERATIONAL'}]}, electionId=7fffffff000000000000000d, setVersion=4, topologyVersion=TopologyVersion{processId=68c43b284e9dbaf575c67a05, counter=6}, lastWriteDate=Wed Sep 17 10:05:23 IST 2025, lastUpdateTimeNanos=1558465756300}
2025-09-17T10:05:36.164+05:30  INFO 12764 --- [Ecom_App] [ngodb.net:27017] org.mongodb.driver.cluster               : Discovered replica set primary ac-eennitu-shard-00-02.tcgui5u.mongodb.net:27017 with max election id 7fffffff000000000000000d and max set version 4
]]></system-out>
    <system-err><![CDATA[Mockito is currently self-attaching to enable the inline-mock-maker. This will no longer work in future releases of the JDK. Please add Mockito as an agent to your build as described in Mockito's documentation: https://javadoc.io/doc/org.mockito/mockito-core/latest/org.mockito/org/mockito/Mockito.html#0.3
WARNING: A Java agent has been loaded dynamically (C:\Users\Varun\.m2\repository\net\bytebuddy\byte-buddy-agent\1.17.7\byte-buddy-agent-1.17.7.jar)
WARNING: If a serviceability tool is in use, please run with -XX:+EnableDynamicAgentLoading to hide this warning
WARNING: If a serviceability tool is not in use, please run with -Djdk.instrument.traceUsage for more information
WARNING: Dynamic loading of agents will be disallowed by default in a future release
]]></system-err>
  </testcase>
</testsuite>